EvoMap Heartbeat Manager
========================
Heartbeat Script: /home/node/.openclaw/workspace/scripts/evomap-heartbeat.js
Interval: 5 minutes

[2026-05-12T01:26:42.777Z] Running heartbeat...
Heartbeat manager started. Press Ctrl+C to stop.
Heartbeat completed successfully
[2026-05-12T01:31:42.809Z] Running heartbeat...
Heartbeat completed successfully
[2026-05-12T01:36:42.910Z] Running heartbeat...
Heartbeat completed successfully
[2026-05-12T01:41:42.919Z] Running heartbeat...
Heartbeat completed successfully
[2026-05-12T01:46:43.017Z] Running heartbeat...
Heartbeat completed successfully
[2026-05-12T01:51:43.052Z] Running heartbeat...
Heartbeat completed successfully
[2026-05-12T01:56:43.139Z] Running heartbeat...
Heartbeat completed successfully
[2026-05-12T02:01:43.239Z] Running heartbeat...
Heartbeat completed successfully
[2026-05-12T02:06:43.323Z] Running heartbeat...
Heartbeat completed successfully
[2026-05-12T02:11:43.398Z] Running heartbeat...
Heartbeat completed successfully
[2026-05-12T02:16:43.462Z] Running heartbeat...
Heartbeat completed successfully
[2026-05-12T02:21:43.562Z] Running heartbeat...
Heartbeat completed successfully
[2026-05-12T02:26:43.646Z] Running heartbeat...
Heartbeat completed successfully
[2026-05-12T02:31:43.720Z] Running heartbeat...
Heartbeat completed successfully
[2026-05-12T02:36:43.724Z] Running heartbeat...
Heartbeat completed successfully
[2026-05-12T02:41:43.732Z] Running heartbeat...
Heartbeat completed successfully
[2026-05-12T02:46:43.740Z] Running heartbeat...
Heartbeat completed successfully
[2026-05-12T02:51:43.748Z] Running heartbeat...
Heartbeat completed successfully
[2026-05-12T02:56:43.755Z] Running heartbeat...
Heartbeat completed successfully
[2026-05-12T03:01:43.764Z] Running heartbeat...
Heartbeat completed successfully
[2026-05-12T03:06:43.772Z] Running heartbeat...
Heartbeat completed successfully
[2026-05-12T03:11:43.781Z] Running heartbeat...
Heartbeat completed successfully
[2026-05-12T03:16:43.790Z] Running heartbeat...
Heartbeat completed successfully
[2026-05-12T03:21:43.797Z] Running heartbeat...
Heartbeat completed successfully
[2026-05-12T03:26:43.806Z] Running heartbeat...
Heartbeat completed successfully
[2026-05-12T03:31:43.815Z] Running heartbeat...
Heartbeat completed successfully
[2026-05-12T03:36:43.823Z] Running heartbeat...
Heartbeat completed successfully
[2026-05-12T03:41:43.831Z] Running heartbeat...
Heartbeat completed successfully
[2026-05-12T03:46:43.841Z] Running heartbeat...
Heartbeat completed successfully
[2026-05-12T03:51:43.841Z] Running heartbeat...
Heartbeat completed successfully
[2026-05-12T03:56:43.841Z] Running heartbeat...
Heartbeat completed successfully
[2026-05-12T04:01:43.842Z] Running heartbeat...
Heartbeat completed successfully
[2026-05-12T04:06:43.842Z] Running heartbeat...
Heartbeat completed successfully
[2026-05-12T04:11:43.843Z] Running heartbeat...
Heartbeat completed successfully
[2026-05-12T04:16:43.844Z] Running heartbeat...
Heartbeat completed successfully
[2026-05-12T04:21:43.844Z] Running heartbeat...
Heartbeat completed successfully
[2026-05-12T04:26:43.845Z] Running heartbeat...
Heartbeat completed successfully
[2026-05-12T04:31:43.845Z] Running heartbeat...
Heartbeat completed successfully
[2026-05-12T04:36:43.847Z] Running heartbeat...
Heartbeat completed successfully
[2026-05-12T04:41:43.847Z] Running heartbeat...
Heartbeat completed successfully
[2026-05-12T04:46:43.848Z] Running heartbeat...
Heartbeat completed successfully
[2026-05-12T04:51:43.849Z] Running heartbeat...
Heartbeat completed successfully
[2026-05-12T04:56:43.850Z] Running heartbeat...
Heartbeat completed successfully
[2026-05-12T05:01:43.851Z] Running heartbeat...
Heartbeat completed successfully
[2026-05-12T05:06:43.852Z] Running heartbeat...
Heartbeat completed successfully
[2026-05-12T05:11:43.853Z] Running heartbeat...
Heartbeat completed successfully
[2026-05-12T05:16:43.854Z] Running heartbeat...
Heartbeat completed successfully
[2026-05-12T05:21:43.855Z] Running heartbeat...
Heartbeat completed successfully
[2026-05-12T05:26:43.856Z] Running heartbeat...
Heartbeat completed successfully
[2026-05-12T05:31:43.857Z] Running heartbeat...
Heartbeat completed successfully
[2026-05-12T05:36:43.858Z] Running heartbeat...
Heartbeat completed successfully
[2026-05-12T05:41:43.859Z] Running heartbeat...
Heartbeat completed successfully
[2026-05-12T05:46:43.861Z] Running heartbeat...
Heartbeat completed successfully
[2026-05-12T05:51:43.863Z] Running heartbeat...
Heartbeat completed successfully
[2026-05-12T05:56:43.865Z] Running heartbeat...
Heartbeat completed successfully
[2026-05-12T06:01:43.866Z] Running heartbeat...
Heartbeat completed successfully
[2026-05-12T06:06:43.867Z] Running heartbeat...
Heartbeat completed successfully
[2026-05-12T06:11:43.868Z] Running heartbeat...
Heartbeat completed successfully
[2026-05-12T06:16:43.868Z] Running heartbeat...
Heartbeat completed successfully
[2026-05-12T06:21:43.870Z] Running heartbeat...
Heartbeat completed successfully
[2026-05-12T06:26:43.872Z] Running heartbeat...
Heartbeat completed successfully
[2026-05-12T06:31:43.874Z] Running heartbeat...
Heartbeat completed successfully
[2026-05-12T06:36:43.874Z] Running heartbeat...
Heartbeat completed successfully
[2026-05-12T06:41:43.875Z] Running heartbeat...
Heartbeat completed successfully
[2026-05-12T06:46:43.876Z] Running heartbeat...
Heartbeat completed successfully
[2026-05-12T06:51:43.878Z] Running heartbeat...
Heartbeat completed successfully
[2026-05-12T06:56:43.880Z] Running heartbeat...
Heartbeat completed successfully
[2026-05-12T07:01:43.882Z] Running heartbeat...
Heartbeat completed successfully
[2026-05-12T07:06:43.884Z] Running heartbeat...
Heartbeat completed successfully
[2026-05-12T07:11:43.886Z] Running heartbeat...
Heartbeat completed successfully
[2026-05-12T07:16:43.888Z] Running heartbeat...
Heartbeat completed successfully
[2026-05-12T07:21:43.891Z] Running heartbeat...
Heartbeat completed successfully
[2026-05-12T07:26:43.894Z] Running heartbeat...
Heartbeat completed successfully
[2026-05-12T07:31:43.895Z] Running heartbeat...
Heartbeat completed successfully
[2026-05-12T07:36:43.898Z] Running heartbeat...
Heartbeat completed successfully
[2026-05-12T07:41:43.900Z] Running heartbeat...
Heartbeat completed successfully
[2026-05-12T07:46:43.902Z] Running heartbeat...
Heartbeat completed successfully
[2026-05-12T07:51:43.904Z] Running heartbeat...
Heartbeat completed successfully
[2026-05-12T07:56:43.907Z] Running heartbeat...
Heartbeat completed successfully
[2026-05-12T08:01:43.910Z] Running heartbeat...
Heartbeat completed successfully
[2026-05-12T08:06:43.912Z] Running heartbeat...
Heartbeat completed successfully
[2026-05-12T08:11:43.914Z] Running heartbeat...
Heartbeat completed successfully
[2026-05-12T08:16:43.916Z] Running heartbeat...
Heartbeat completed successfully
[2026-05-12T08:21:43.918Z] Running heartbeat...
Heartbeat completed successfully
[2026-05-12T08:26:43.920Z] Running heartbeat...
Heartbeat completed successfully
[2026-05-12T08:31:43.922Z] Running heartbeat...
Heartbeat completed successfully
[2026-05-12T08:36:43.924Z] Running heartbeat...
Heartbeat completed successfully
[2026-05-12T08:41:43.928Z] Running heartbeat...
Heartbeat completed successfully
[2026-05-12T08:46:43.930Z] Running heartbeat...
Heartbeat completed successfully
[2026-05-12T08:51:43.933Z] Running heartbeat...
Heartbeat completed successfully
[2026-05-12T08:56:43.936Z] Running heartbeat...
Heartbeat completed successfully
[2026-05-12T09:01:43.939Z] Running heartbeat...
Heartbeat completed successfully
[2026-05-12T09:06:43.942Z] Running heartbeat...
Heartbeat completed successfully
[2026-05-12T09:11:43.946Z] Running heartbeat...
Heartbeat completed successfully
[2026-05-12T09:16:43.949Z] Running heartbeat...
Heartbeat completed successfully
[2026-05-12T09:21:43.952Z] Running heartbeat...
Heartbeat completed successfully
[2026-05-12T09:26:43.955Z] Running heartbeat...
Heartbeat completed successfully
[2026-05-12T09:31:43.958Z] Running heartbeat...
Heartbeat completed successfully
[2026-05-12T09:36:43.961Z] Running heartbeat...
Heartbeat completed successfully
[2026-05-12T09:41:43.963Z] Running heartbeat...
Heartbeat completed successfully
[2026-05-12T09:46:43.964Z] Running heartbeat...
Heartbeat completed successfully
[2026-05-12T09:51:43.967Z] Running heartbeat...
Heartbeat completed successfully
[2026-05-12T09:56:43.968Z] Running heartbeat...
Heartbeat completed successfully
[2026-05-12T10:01:43.971Z] Running heartbeat...
Heartbeat completed successfully
[2026-05-12T10:06:43.975Z] Running heartbeat...
Heartbeat completed successfully
[2026-05-12T10:11:43.978Z] Running heartbeat...
Heartbeat completed successfully
[2026-05-12T10:16:43.982Z] Running heartbeat...
Heartbeat completed successfully
[2026-05-12T10:21:43.986Z] Running heartbeat...
Heartbeat completed successfully
[2026-05-12T10:26:43.988Z] Running heartbeat...
Heartbeat completed successfully
[2026-05-12T10:31:43.991Z] Running heartbeat...
Heartbeat completed successfully
[2026-05-12T10:36:43.995Z] Running heartbeat...
Heartbeat completed successfully
[2026-05-12T10:41:44.000Z] Running heartbeat...
Heartbeat completed successfully
[2026-05-12T10:46:44.004Z] Running heartbeat...
Heartbeat completed successfully
[2026-05-12T10:51:44.007Z] Running heartbeat...
Heartbeat completed successfully
[2026-05-12T10:56:44.011Z] Running heartbeat...
Heartbeat completed successfully
[2026-05-12T11:01:44.016Z] Running heartbeat...
Heartbeat completed successfully
[2026-05-12T11:06:44.020Z] Running heartbeat...
Heartbeat completed successfully
[2026-05-12T11:11:44.024Z] Running heartbeat...
Heartbeat completed successfully
[2026-05-12T11:16:44.028Z] Running heartbeat...
Heartbeat completed successfully
[2026-05-12T11:21:44.032Z] Running heartbeat...
Heartbeat completed successfully
[2026-05-12T11:26:44.036Z] Running heartbeat...
Heartbeat completed successfully
[2026-05-12T11:31:44.040Z] Running heartbeat...
Heartbeat completed successfully
[2026-05-12T11:36:44.044Z] Running heartbeat...
Heartbeat completed successfully
[2026-05-12T11:41:44.048Z] Running heartbeat...
Heartbeat completed successfully
[2026-05-12T11:46:44.052Z] Running heartbeat...
Heartbeat completed successfully
[2026-05-12T11:51:44.055Z] Running heartbeat...
Heartbeat completed successfully
[2026-05-12T11:56:44.060Z] Running heartbeat...
Heartbeat completed successfully
[2026-05-12T12:01:44.064Z] Running heartbeat...
Heartbeat completed successfully
[2026-05-12T12:06:44.069Z] Running heartbeat...
Heartbeat completed successfully
[2026-05-12T12:11:44.075Z] Running heartbeat...
Heartbeat completed successfully
[2026-05-12T12:16:44.079Z] Running heartbeat...
Heartbeat completed successfully
[2026-05-12T12:21:44.083Z] Running heartbeat...
Heartbeat completed successfully
[2026-05-12T12:26:44.088Z] Running heartbeat...
Heartbeat completed successfully
[2026-05-12T12:31:44.093Z] Running heartbeat...
Heartbeat completed successfully
[2026-05-12T12:36:44.097Z] Running heartbeat...
Heartbeat completed successfully
[2026-05-12T12:41:44.101Z] Running heartbeat...
Heartbeat completed successfully
[2026-05-12T12:46:44.105Z] Running heartbeat...
Heartbeat completed successfully
[2026-05-12T12:51:44.111Z] Running heartbeat...
Heartbeat completed successfully
[2026-05-12T12:56:44.116Z] Running heartbeat...
Heartbeat completed successfully
[2026-05-12T13:01:44.123Z] Running heartbeat...
Heartbeat completed successfully
[2026-05-12T13:06:44.125Z] Running heartbeat...
Heartbeat completed successfully
[2026-05-12T13:11:44.130Z] Running heartbeat...
Heartbeat completed successfully
[2026-05-12T13:16:44.135Z] Running heartbeat...
Heartbeat completed successfully
[2026-05-12T13:21:44.139Z] Running heartbeat...
Heartbeat completed successfully
[2026-05-12T13:26:44.145Z] Running heartbeat...
Heartbeat completed successfully
[2026-05-12T13:31:44.151Z] Running heartbeat...
Heartbeat completed successfully
[2026-05-12T13:36:44.156Z] Running heartbeat...
Heartbeat completed successfully
[2026-05-12T13:41:44.162Z] Running heartbeat...
Heartbeat completed successfully
[2026-05-12T13:46:44.164Z] Running heartbeat...
Heartbeat completed successfully
[2026-05-12T13:51:44.168Z] Running heartbeat...
Heartbeat completed successfully
[2026-05-12T13:56:44.172Z] Running heartbeat...
Heartbeat completed successfully
[2026-05-12T14:01:44.176Z] Running heartbeat...
Heartbeat completed successfully
[2026-05-12T14:06:44.182Z] Running heartbeat...
Heartbeat completed successfully
[2026-05-12T14:11:44.188Z] Running heartbeat...
Heartbeat completed successfully
[2026-05-12T14:16:44.194Z] Running heartbeat...
Heartbeat completed successfully
[2026-05-12T14:21:44.200Z] Running heartbeat...
Heartbeat completed successfully
[2026-05-12T14:26:44.205Z] Running heartbeat...
Heartbeat completed successfully
[2026-05-12T14:31:44.211Z] Running heartbeat...
Heartbeat completed successfully
[2026-05-12T14:36:44.217Z] Running heartbeat...
Heartbeat completed successfully
[2026-05-12T14:41:44.224Z] Running heartbeat...
Heartbeat completed successfully
[2026-05-12T14:46:44.230Z] Running heartbeat...
Heartbeat completed successfully
[2026-05-12T14:51:44.237Z] Running heartbeat...
Heartbeat completed successfully
[2026-05-12T14:56:44.244Z] Running heartbeat...
Heartbeat completed successfully
[2026-05-12T15:01:44.250Z] Running heartbeat...
Heartbeat completed successfully
[2026-05-12T15:06:44.257Z] Running heartbeat...
Heartbeat completed successfully
[2026-05-12T15:11:44.263Z] Running heartbeat...
Heartbeat completed successfully
[2026-05-12T15:16:44.269Z] Running heartbeat...
Heartbeat completed successfully
[2026-05-12T15:21:44.276Z] Running heartbeat...
Heartbeat completed successfully
[2026-05-12T15:26:44.283Z] Running heartbeat...
Heartbeat completed successfully
[2026-05-12T15:31:44.289Z] Running heartbeat...
Heartbeat completed successfully
[2026-05-12T15:36:44.297Z] Running heartbeat...
Heartbeat completed successfully
[2026-05-12T15:41:44.298Z] Running heartbeat...
Heartbeat completed successfully
[2026-05-12T15:46:44.305Z] Running heartbeat...
Heartbeat completed successfully
[2026-05-12T15:51:44.311Z] Running heartbeat...
Heartbeat completed successfully
[2026-05-12T15:56:44.318Z] Running heartbeat...
Heartbeat completed successfully
[2026-05-12T16:01:44.324Z] Running heartbeat...
Heartbeat completed successfully
[2026-05-12T16:06:44.332Z] Running heartbeat...
Heartbeat completed successfully
[2026-05-12T16:11:44.338Z] Running heartbeat...
Heartbeat completed successfully
[2026-05-12T16:16:44.345Z] Running heartbeat...
Heartbeat completed successfully
[2026-05-12T16:21:44.352Z] Running heartbeat...
Heartbeat completed successfully
[2026-05-12T16:26:44.360Z] Running heartbeat...
Heartbeat completed successfully
[2026-05-12T16:31:44.367Z] Running heartbeat...
Heartbeat completed successfully
[2026-05-12T16:36:44.374Z] Running heartbeat...
Heartbeat completed successfully
[2026-05-12T16:41:44.381Z] Running heartbeat...
Heartbeat completed successfully
[2026-05-12T16:46:44.383Z] Running heartbeat...
Heartbeat completed successfully
[2026-05-12T16:51:44.391Z] Running heartbeat...
Heartbeat completed successfully
[2026-05-12T16:56:44.393Z] Running heartbeat...
Heartbeat completed successfully
[2026-05-12T17:01:44.400Z] Running heartbeat...
Heartbeat completed successfully
[2026-05-12T17:06:44.404Z] Running heartbeat...
Heartbeat completed successfully
[2026-05-12T17:11:44.411Z] Running heartbeat...
Heartbeat completed successfully
[2026-05-12T17:16:44.416Z] Running heartbeat...
Heartbeat completed successfully
[2026-05-12T17:21:44.424Z] Running heartbeat...
Heartbeat completed successfully
[2026-05-12T17:26:44.428Z] Running heartbeat...
Heartbeat completed successfully
[2026-05-12T17:31:44.436Z] Running heartbeat...
Heartbeat completed successfully
[2026-05-12T17:36:44.442Z] Running heartbeat...
Heartbeat completed successfully
[2026-05-12T17:41:44.451Z] Running heartbeat...
Heartbeat completed successfully
[2026-05-12T17:46:44.460Z] Running heartbeat...
Heartbeat completed successfully
[2026-05-12T17:51:44.467Z] Running heartbeat...
Heartbeat completed successfully
[2026-05-12T17:56:44.476Z] Running heartbeat...
Heartbeat completed successfully
[2026-05-12T18:01:44.480Z] Running heartbeat...
Heartbeat completed successfully
[2026-05-12T18:06:44.487Z] Running heartbeat...
Heartbeat completed successfully
[2026-05-12T18:11:44.496Z] Running heartbeat...
Heartbeat completed successfully
[2026-05-12T18:16:44.504Z] Running heartbeat...
Heartbeat completed successfully
[2026-05-12T18:21:44.512Z] Running heartbeat...
Heartbeat completed successfully
[2026-05-12T18:26:44.515Z] Running heartbeat...
Heartbeat completed successfully
[2026-05-12T18:31:44.523Z] Running heartbeat...
Heartbeat completed successfully
[2026-05-12T18:36:44.524Z] Running heartbeat...
Heartbeat completed successfully
[2026-05-12T18:41:44.525Z] Running heartbeat...
Heartbeat completed successfully
[2026-05-12T18:46:44.525Z] Running heartbeat...
Heartbeat completed successfully
[2026-05-12T18:51:44.525Z] Running heartbeat...
Heartbeat completed successfully
[2026-05-12T18:56:44.527Z] Running heartbeat...
Heartbeat completed successfully
[2026-05-12T19:01:44.527Z] Running heartbeat...
Heartbeat completed successfully
[2026-05-12T19:06:44.528Z] Running heartbeat...
Heartbeat completed successfully
[2026-05-12T19:11:44.529Z] Running heartbeat...
Heartbeat completed successfully
[2026-05-12T19:16:44.529Z] Running heartbeat...
Heartbeat completed successfully
[2026-05-12T19:21:44.530Z] Running heartbeat...
Heartbeat completed successfully
[2026-05-12T19:26:44.531Z] Running heartbeat...
Heartbeat completed successfully
[2026-05-12T19:31:44.532Z] Running heartbeat...
Heartbeat completed successfully
[2026-05-12T19:36:44.533Z] Running heartbeat...
Heartbeat completed successfully
[2026-05-12T19:41:44.533Z] Running heartbeat...
Heartbeat completed successfully
[2026-05-12T19:46:44.534Z] Running heartbeat...
Heartbeat completed successfully
[2026-05-12T19:51:44.536Z] Running heartbeat...
Heartbeat completed successfully
[2026-05-12T19:56:44.536Z] Running heartbeat...
Heartbeat completed successfully
[2026-05-12T20:01:44.538Z] Running heartbeat...
Heartbeat completed successfully
[2026-05-12T20:06:44.538Z] Running heartbeat...
Heartbeat completed successfully
[2026-05-12T20:11:44.540Z] Running heartbeat...
Heartbeat completed successfully
[2026-05-12T20:16:44.541Z] Running heartbeat...
Heartbeat completed successfully
[2026-05-12T20:21:44.544Z] Running heartbeat...
Heartbeat completed successfully
[2026-05-12T20:26:44.546Z] Running heartbeat...
Heartbeat completed successfully
[2026-05-12T20:31:44.547Z] Running heartbeat...
Heartbeat completed successfully
[2026-05-12T20:36:44.548Z] Running heartbeat...
Heartbeat completed successfully
[2026-05-12T20:41:44.549Z] Running heartbeat...
Heartbeat completed successfully
[2026-05-12T20:46:44.551Z] Running heartbeat...
Heartbeat completed successfully
[2026-05-12T20:51:44.553Z] Running heartbeat...
Heartbeat completed successfully
[2026-05-12T20:56:44.554Z] Running heartbeat...
Heartbeat completed successfully
[2026-05-12T21:01:44.556Z] Running heartbeat...
Heartbeat completed successfully
[2026-05-12T21:06:44.558Z] Running heartbeat...
Heartbeat completed successfully
[2026-05-12T21:11:44.559Z] Running heartbeat...
Heartbeat completed successfully
[2026-05-12T21:16:44.560Z] Running heartbeat...
Heartbeat completed successfully
[2026-05-12T21:21:44.562Z] Running heartbeat...
Heartbeat completed successfully
[2026-05-12T21:26:44.565Z] Running heartbeat...
Heartbeat completed successfully
[2026-05-12T21:31:44.566Z] Running heartbeat...
Heartbeat completed successfully
[2026-05-12T21:36:44.567Z] Running heartbeat...
Heartbeat completed successfully
[2026-05-12T21:41:44.568Z] Running heartbeat...
Heartbeat completed successfully
[2026-05-12T21:46:44.571Z] Running heartbeat...
Heartbeat completed successfully
[2026-05-12T21:51:44.572Z] Running heartbeat...
Heartbeat completed successfully
[2026-05-12T21:56:44.574Z] Running heartbeat...
Heartbeat completed successfully
[2026-05-12T22:01:44.576Z] Running heartbeat...
Heartbeat completed successfully
[2026-05-12T22:06:44.578Z] Running heartbeat...
Heartbeat completed successfully
[2026-05-12T22:11:44.580Z] Running heartbeat...
Heartbeat completed successfully
[2026-05-12T22:16:44.583Z] Running heartbeat...
Heartbeat completed successfully
[2026-05-12T22:21:44.585Z] Running heartbeat...
Heartbeat completed successfully
[2026-05-12T22:26:44.587Z] Running heartbeat...
Heartbeat completed successfully
[2026-05-12T22:31:44.589Z] Running heartbeat...
Heartbeat completed successfully
[2026-05-12T22:36:44.592Z] Running heartbeat...
Heartbeat completed successfully
[2026-05-12T22:41:44.595Z] Running heartbeat...
Heartbeat completed successfully
[2026-05-12T22:46:44.598Z] Running heartbeat...
Heartbeat completed successfully
[2026-05-12T22:51:44.600Z] Running heartbeat...
Heartbeat completed successfully
[2026-05-12T22:56:44.602Z] Running heartbeat...
Heartbeat completed successfully
[2026-05-12T23:01:44.604Z] Running heartbeat...
Heartbeat completed successfully
[2026-05-12T23:06:44.607Z] Running heartbeat...
Heartbeat completed successfully
[2026-05-12T23:11:44.610Z] Running heartbeat...
Heartbeat completed successfully
[2026-05-12T23:16:44.613Z] Running heartbeat...
Heartbeat completed successfully
[2026-05-12T23:21:44.615Z] Running heartbeat...
Heartbeat completed successfully
[2026-05-12T23:26:44.618Z] Running heartbeat...
Heartbeat completed successfully
[2026-05-12T23:31:44.621Z] Running heartbeat...
Heartbeat completed successfully
[2026-05-12T23:36:44.624Z] Running heartbeat...
Heartbeat completed successfully
[2026-05-12T23:41:44.628Z] Running heartbeat...
Heartbeat completed successfully
[2026-05-12T23:46:44.631Z] Running heartbeat...
Heartbeat completed successfully
[2026-05-12T23:51:44.634Z] Running heartbeat...
Heartbeat completed successfully
[2026-05-12T23:56:44.637Z] Running heartbeat...
Heartbeat completed successfully
[2026-05-13T00:01:44.640Z] Running heartbeat...
Heartbeat completed successfully
[2026-05-13T00:06:44.644Z] Running heartbeat...
Heartbeat completed successfully
[2026-05-13T00:11:44.647Z] Running heartbeat...
Heartbeat completed successfully
[2026-05-13T00:16:44.650Z] Running heartbeat...
Heartbeat completed successfully
[2026-05-13T00:21:44.654Z] Running heartbeat...
Heartbeat completed successfully
[2026-05-13T00:26:44.657Z] Running heartbeat...
Heartbeat completed successfully
[2026-05-13T00:31:44.660Z] Running heartbeat...
Heartbeat completed successfully
[2026-05-13T00:36:44.663Z] Running heartbeat...
Heartbeat completed successfully
[2026-05-13T00:41:44.666Z] Running heartbeat...
Heartbeat completed successfully
[2026-05-13T00:46:44.670Z] Running heartbeat...
Heartbeat completed successfully
[2026-05-13T00:51:44.673Z] Running heartbeat...
Heartbeat completed successfully
[2026-05-13T00:56:44.677Z] Running heartbeat...
Heartbeat completed successfully
[2026-05-13T01:01:44.681Z] Running heartbeat...
Heartbeat completed successfully
[2026-05-13T01:06:44.685Z] Running heartbeat...
Heartbeat completed successfully
[2026-05-13T01:11:44.690Z] Running heartbeat...
Heartbeat completed successfully
[2026-05-13T01:16:44.692Z] Running heartbeat...
Heartbeat completed successfully
[2026-05-13T01:21:44.696Z] Running heartbeat...
Heartbeat completed successfully
[2026-05-13T01:26:44.700Z] Running heartbeat...
Heartbeat completed successfully
[2026-05-13T01:31:44.704Z] Running heartbeat...
Heartbeat completed successfully
[2026-05-13T01:36:44.708Z] Running heartbeat...
Heartbeat completed successfully
[2026-05-13T01:41:44.713Z] Running heartbeat...
Heartbeat completed successfully
[2026-05-13T01:46:44.716Z] Running heartbeat...
Heartbeat completed successfully
[2026-05-13T01:51:44.720Z] Running heartbeat...
Heartbeat completed successfully
[2026-05-13T01:56:44.724Z] Running heartbeat...
Heartbeat completed successfully
[2026-05-13T02:01:44.729Z] Running heartbeat...
Heartbeat completed successfully
[2026-05-13T02:06:44.733Z] Running heartbeat...
Heartbeat completed successfully
[2026-05-13T02:11:44.737Z] Running heartbeat...
Heartbeat completed successfully
[2026-05-13T02:16:44.741Z] Running heartbeat...
Heartbeat completed successfully
[2026-05-13T02:21:44.747Z] Running heartbeat...
Heartbeat completed successfully
[2026-05-13T02:26:44.748Z] Running heartbeat...
Heartbeat completed successfully
[2026-05-13T02:31:44.752Z] Running heartbeat...
Heartbeat completed successfully
[2026-05-13T02:36:44.757Z] Running heartbeat...
Heartbeat completed successfully
[2026-05-13T02:41:44.762Z] Running heartbeat...
Heartbeat completed successfully
[2026-05-13T02:46:44.767Z] Running heartbeat...
Heartbeat completed successfully
[2026-05-13T02:51:44.771Z] Running heartbeat...
Heartbeat completed successfully
[2026-05-13T02:56:44.777Z] Running heartbeat...
Heartbeat completed successfully
[2026-05-13T03:01:44.781Z] Running heartbeat...
Heartbeat completed successfully
[2026-05-13T03:06:44.785Z] Running heartbeat...
Heartbeat completed successfully
[2026-05-13T03:11:44.790Z] Running heartbeat...
Heartbeat completed successfully
[2026-05-13T03:16:44.795Z] Running heartbeat...
Heartbeat completed successfully
[2026-05-13T03:21:44.801Z] Running heartbeat...
Heartbeat completed successfully
[2026-05-13T03:26:44.804Z] Running heartbeat...
Heartbeat completed successfully
[2026-05-13T03:31:44.805Z] Running heartbeat...
Heartbeat completed successfully
[2026-05-13T03:36:44.810Z] Running heartbeat...
Heartbeat completed successfully
[2026-05-13T03:41:44.815Z] Running heartbeat...
Heartbeat completed successfully
[2026-05-13T03:46:44.816Z] Running heartbeat...
Heartbeat completed successfully
[2026-05-13T03:51:44.821Z] Running heartbeat...
Heartbeat completed successfully
[2026-05-13T03:56:44.827Z] Running heartbeat...
Heartbeat completed successfully
[2026-05-13T04:01:44.834Z] Running heartbeat...
Heartbeat completed successfully
[2026-05-13T04:06:44.836Z] Running heartbeat...
Heartbeat completed successfully
[2026-05-13T04:11:44.840Z] Running heartbeat...
Heartbeat completed successfully
[2026-05-13T04:16:44.845Z] Running heartbeat...
Heartbeat completed successfully
[2026-05-13T04:21:44.851Z] Running heartbeat...
Heartbeat completed successfully
[2026-05-13T04:26:44.857Z] Running heartbeat...
Heartbeat completed successfully
[2026-05-13T04:31:44.863Z] Running heartbeat...
Heartbeat completed successfully
[2026-05-13T04:36:44.866Z] Running heartbeat...
Heartbeat completed successfully
[2026-05-13T04:41:44.871Z] Running heartbeat...
Heartbeat completed successfully
[2026-05-13T04:46:44.872Z] Running heartbeat...
Heartbeat completed successfully
[2026-05-13T04:51:44.879Z] Running heartbeat...
Heartbeat completed successfully
[2026-05-13T04:56:44.884Z] Running heartbeat...
Heartbeat completed successfully
[2026-05-13T05:01:44.888Z] Running heartbeat...
Heartbeat completed successfully
[2026-05-13T05:06:44.894Z] Running heartbeat...
Heartbeat completed successfully
[2026-05-13T05:11:44.901Z] Running heartbeat...
Heartbeat completed successfully
[2026-05-13T05:16:44.907Z] Running heartbeat...
Heartbeat completed successfully
[2026-05-13T05:21:44.913Z] Running heartbeat...
Heartbeat completed successfully
[2026-05-13T05:26:44.920Z] Running heartbeat...
Heartbeat completed successfully
[2026-05-13T05:31:44.926Z] Running heartbeat...
Heartbeat completed successfully
[2026-05-13T05:36:44.933Z] Running heartbeat...
Heartbeat completed successfully
[2026-05-13T05:41:44.940Z] Running heartbeat...
Heartbeat completed successfully
[2026-05-13T05:46:44.947Z] Running heartbeat...
Heartbeat completed successfully
[2026-05-13T05:51:44.953Z] Running heartbeat...
Heartbeat completed successfully
[2026-05-13T05:56:44.959Z] Running heartbeat...
Heartbeat completed successfully
[2026-05-13T06:01:44.966Z] Running heartbeat...
Heartbeat completed successfully
[2026-05-13T06:06:44.973Z] Running heartbeat...
Heartbeat completed successfully
[2026-05-13T06:11:44.980Z] Running heartbeat...
Heartbeat completed successfully
[2026-05-13T06:16:44.986Z] Running heartbeat...
Heartbeat completed successfully
[2026-05-13T06:21:44.992Z] Running heartbeat...
Heartbeat completed successfully
[2026-05-13T06:26:45.000Z] Running heartbeat...
Heartbeat completed successfully
[2026-05-13T06:31:45.007Z] Running heartbeat...
Heartbeat completed successfully
[2026-05-13T06:36:45.014Z] Running heartbeat...
Heartbeat completed successfully
[2026-05-13T06:41:45.019Z] Running heartbeat...
Heartbeat completed successfully
[2026-05-13T06:46:45.027Z] Running heartbeat...
Heartbeat completed successfully
[2026-05-13T06:51:45.035Z] Running heartbeat...
Heartbeat completed successfully
[2026-05-13T06:56:45.037Z] Running heartbeat...
Heartbeat completed successfully
[2026-05-13T07:01:45.041Z] Running heartbeat...
Heartbeat completed successfully
[2026-05-13T07:06:45.049Z] Running heartbeat...
Heartbeat completed successfully
[2026-05-13T07:11:45.057Z] Running heartbeat...
Heartbeat completed successfully
[2026-05-13T07:16:45.065Z] Running heartbeat...
Heartbeat completed successfully
[2026-05-13T07:21:45.073Z] Running heartbeat...
Heartbeat completed successfully
[2026-05-13T07:26:45.080Z] Running heartbeat...
Heartbeat completed successfully
[2026-05-13T07:31:45.088Z] Running heartbeat...
Heartbeat completed successfully
[2026-05-13T07:36:45.096Z] Running heartbeat...
Heartbeat completed successfully
[2026-05-13T07:41:45.104Z] Running heartbeat...
Heartbeat completed successfully
[2026-05-13T07:46:45.113Z] Running heartbeat...
Heartbeat completed successfully
[2026-05-13T07:51:45.121Z] Running heartbeat...
Heartbeat completed successfully
[2026-05-13T07:56:45.129Z] Running heartbeat...
Heartbeat completed successfully
[2026-05-13T08:01:45.138Z] Running heartbeat...
Heartbeat completed successfully
[2026-05-13T08:06:45.146Z] Running heartbeat...
Heartbeat completed successfully
[2026-05-13T08:11:45.154Z] Running heartbeat...
Heartbeat completed successfully
[2026-05-13T08:16:45.157Z] Running heartbeat...
Heartbeat completed successfully
[2026-05-13T08:21:45.159Z] Running heartbeat...
Heartbeat completed successfully
[2026-05-13T08:26:45.167Z] Running heartbeat...
Heartbeat completed successfully
[2026-05-13T08:31:45.175Z] Running heartbeat...
Heartbeat completed successfully
[2026-05-13T08:36:45.175Z] Running heartbeat...
Heartbeat completed successfully
[2026-05-13T08:41:45.177Z] Running heartbeat...
Heartbeat completed successfully
[2026-05-13T08:46:45.178Z] Running heartbeat...
Heartbeat completed successfully
[2026-05-13T08:51:45.178Z] Running heartbeat...
Heartbeat completed successfully
[2026-05-13T08:56:45.179Z] Running heartbeat...
Heartbeat completed successfully
[2026-05-13T09:01:45.180Z] Running heartbeat...
Heartbeat completed successfully
[2026-05-13T09:06:45.181Z] Running heartbeat...
Heartbeat completed successfully
[2026-05-13T09:11:45.181Z] Running heartbeat...
Heartbeat completed successfully
[2026-05-13T09:16:45.182Z] Running heartbeat...
Heartbeat completed successfully
[2026-05-13T09:21:45.183Z] Running heartbeat...
Heartbeat completed successfully
[2026-05-13T09:26:45.184Z] Running heartbeat...
Heartbeat completed successfully
[2026-05-13T09:31:45.184Z] Running heartbeat...
Heartbeat completed successfully
[2026-05-13T09:36:45.185Z] Running heartbeat...
Heartbeat completed successfully
[2026-05-13T09:41:45.186Z] Running heartbeat...
Heartbeat completed successfully
[2026-05-13T09:46:45.187Z] Running heartbeat...
Heartbeat completed successfully
[2026-05-13T09:51:45.189Z] Running heartbeat...
Heartbeat completed successfully
[2026-05-13T09:56:45.189Z] Running heartbeat...
Heartbeat completed successfully
[2026-05-13T10:01:45.191Z] Running heartbeat...
Heartbeat completed successfully
[2026-05-13T10:06:45.192Z] Running heartbeat...
Heartbeat completed successfully
[2026-05-13T10:11:45.193Z] Running heartbeat...
Heartbeat completed successfully
[2026-05-13T10:16:45.195Z] Running heartbeat...
Heartbeat completed successfully
[2026-05-13T10:21:45.196Z] Running heartbeat...
Heartbeat completed successfully
[2026-05-13T10:26:45.197Z] Running heartbeat...
Heartbeat completed successfully
[2026-05-13T10:31:45.198Z] Running heartbeat...
Heartbeat completed successfully
[2026-05-13T10:36:45.199Z] Running heartbeat...
Heartbeat completed successfully
[2026-05-13T10:41:45.200Z] Running heartbeat...
Heartbeat completed successfully
[2026-05-13T10:46:45.202Z] Running heartbeat...
Heartbeat completed successfully
[2026-05-13T10:51:45.203Z] Running heartbeat...
Heartbeat completed successfully
[2026-05-13T10:56:45.205Z] Running heartbeat...
Heartbeat completed successfully
[2026-05-13T11:01:45.206Z] Running heartbeat...
Heartbeat completed successfully
[2026-05-13T11:06:45.208Z] Running heartbeat...
Heartbeat completed successfully
[2026-05-13T11:11:45.209Z] Running heartbeat...
Heartbeat completed successfully
[2026-05-13T11:16:45.211Z] Running heartbeat...
Heartbeat completed successfully
[2026-05-13T11:21:45.212Z] Running heartbeat...
Heartbeat completed successfully
[2026-05-13T11:26:45.213Z] Running heartbeat...
Heartbeat completed successfully
[2026-05-13T11:31:45.215Z] Running heartbeat...
Heartbeat completed successfully
[2026-05-13T11:36:45.217Z] Running heartbeat...
Heartbeat completed successfully
[2026-05-13T11:41:45.219Z] Running heartbeat...
Heartbeat completed successfully
[2026-05-13T11:46:45.221Z] Running heartbeat...
Heartbeat completed successfully
[2026-05-13T11:51:45.223Z] Running heartbeat...
Heartbeat completed successfully
[2026-05-13T11:56:45.224Z] Running heartbeat...
Heartbeat completed successfully
[2026-05-13T12:01:45.226Z] Running heartbeat...
Heartbeat completed successfully
[2026-05-13T12:06:45.228Z] Running heartbeat...
Heartbeat completed successfully
[2026-05-13T12:11:45.230Z] Running heartbeat...
Heartbeat completed successfully
[2026-05-13T12:16:45.232Z] Running heartbeat...
Heartbeat completed successfully
[2026-05-13T12:21:45.234Z] Running heartbeat...
Heartbeat completed successfully
[2026-05-13T12:26:45.236Z] Running heartbeat...
Heartbeat completed successfully
[2026-05-13T12:31:45.239Z] Running heartbeat...
Heartbeat completed successfully
[2026-05-13T12:36:45.240Z] Running heartbeat...
Heartbeat completed successfully
[2026-05-13T12:41:45.242Z] Running heartbeat...
Heartbeat completed successfully
[2026-05-13T12:46:45.244Z] Running heartbeat...
Heartbeat completed successfully
[2026-05-13T12:51:45.246Z] Running heartbeat...
Heartbeat completed successfully
[2026-05-13T12:56:45.250Z] Running heartbeat...
Heartbeat completed successfully
[2026-05-13T13:01:45.252Z] Running heartbeat...
Heartbeat completed successfully
[2026-05-13T13:06:45.254Z] Running heartbeat...
Heartbeat completed successfully
[2026-05-13T13:11:45.256Z] Running heartbeat...
Heartbeat completed successfully
[2026-05-13T13:16:45.259Z] Running heartbeat...
Heartbeat completed successfully
[2026-05-13T13:21:45.260Z] Running heartbeat...
Heartbeat completed successfully
[2026-05-13T13:26:45.262Z] Running heartbeat...
Heartbeat completed successfully
[2026-05-13T13:31:45.264Z] Running heartbeat...
Heartbeat completed successfully
[2026-05-13T13:36:45.267Z] Running heartbeat...
Heartbeat completed successfully
[2026-05-13T13:41:45.268Z] Running heartbeat...
Heartbeat completed successfully
[2026-05-13T13:46:45.271Z] Running heartbeat...
Heartbeat completed successfully
[2026-05-13T13:51:45.275Z] Running heartbeat...
Heartbeat completed successfully
[2026-05-13T13:56:45.276Z] Running heartbeat...
Heartbeat completed successfully
[2026-05-13T14:01:45.278Z] Running heartbeat...
Heartbeat completed successfully
[2026-05-13T14:06:45.282Z] Running heartbeat...
Heartbeat completed successfully
[2026-05-13T14:11:45.284Z] Running heartbeat...
Heartbeat completed successfully
[2026-05-13T14:16:45.287Z] Running heartbeat...
Heartbeat completed successfully
[2026-05-13T14:21:45.288Z] Running heartbeat...
Heartbeat completed successfully
[2026-05-13T14:26:45.291Z] Running heartbeat...
Heartbeat completed successfully
[2026-05-13T14:31:45.292Z] Running heartbeat...
Heartbeat completed successfully
[2026-05-13T14:36:45.295Z] Running heartbeat...
Heartbeat completed successfully
[2026-05-13T14:41:45.296Z] Running heartbeat...
Heartbeat completed successfully
[2026-05-13T14:46:45.299Z] Running heartbeat...
Heartbeat completed successfully
[2026-05-13T14:51:45.302Z] Running heartbeat...
Heartbeat completed successfully
[2026-05-13T14:56:45.304Z] Running heartbeat...
Heartbeat completed successfully
[2026-05-13T15:01:45.307Z] Running heartbeat...
Heartbeat completed successfully
[2026-05-13T15:06:45.312Z] Running heartbeat...
Heartbeat completed successfully
[2026-05-13T15:11:45.315Z] Running heartbeat...
Heartbeat completed successfully
[2026-05-13T15:16:45.320Z] Running heartbeat...
Heartbeat completed successfully
[2026-05-13T15:21:45.324Z] Running heartbeat...
Heartbeat completed successfully
[2026-05-13T15:26:45.328Z] Running heartbeat...
Heartbeat completed successfully
[2026-05-13T15:31:45.331Z] Running heartbeat...
Heartbeat completed successfully
[2026-05-13T15:36:45.334Z] Running heartbeat...
Heartbeat completed successfully
[2026-05-13T15:41:45.336Z] Running heartbeat...
Heartbeat completed successfully
[2026-05-13T15:46:45.340Z] Running heartbeat...
Heartbeat completed successfully
[2026-05-13T15:51:45.339Z] Running heartbeat...
Heartbeat completed successfully
[2026-05-13T15:56:45.343Z] Running heartbeat...
Heartbeat completed successfully
[2026-05-13T16:01:45.347Z] Running heartbeat...
Heartbeat completed successfully
[2026-05-13T16:06:45.351Z] Running heartbeat...
Heartbeat completed successfully
[2026-05-13T16:11:45.356Z] Running heartbeat...
Heartbeat completed successfully
[2026-05-13T16:16:45.359Z] Running heartbeat...
Heartbeat completed successfully
[2026-05-13T16:21:45.363Z] Running heartbeat...
Heartbeat completed successfully
[2026-05-13T16:26:45.368Z] Running heartbeat...
Heartbeat completed successfully
[2026-05-13T16:31:45.373Z] Running heartbeat...
Heartbeat completed successfully
[2026-05-13T16:36:45.377Z] Running heartbeat...
Heartbeat completed successfully
[2026-05-13T16:41:45.382Z] Running heartbeat...
Heartbeat completed successfully
[2026-05-13T16:46:45.387Z] Running heartbeat...
Heartbeat completed successfully
[2026-05-13T16:51:45.388Z] Running heartbeat...
Heartbeat completed successfully
[2026-05-13T16:56:45.393Z] Running heartbeat...
Heartbeat completed successfully
[2026-05-13T17:01:45.399Z] Running heartbeat...
Heartbeat completed successfully
[2026-05-13T17:06:45.403Z] Running heartbeat...
Heartbeat completed successfully
[2026-05-13T17:11:45.406Z] Running heartbeat...
Heartbeat completed successfully
[2026-05-13T17:16:45.411Z] Running heartbeat...
Heartbeat completed successfully
[2026-05-13T17:21:45.416Z] Running heartbeat...
Heartbeat completed successfully
[2026-05-13T17:26:45.419Z] Running heartbeat...
Heartbeat completed successfully
[2026-05-13T17:31:45.420Z] Running heartbeat...
Heartbeat completed successfully
[2026-05-13T17:36:45.425Z] Running heartbeat...
Heartbeat completed successfully
[2026-05-13T17:41:45.430Z] Running heartbeat...
Heartbeat completed successfully
[2026-05-13T17:46:45.435Z] Running heartbeat...
Heartbeat completed successfully
[2026-05-13T17:51:45.440Z] Running heartbeat...
Heartbeat completed successfully
[2026-05-13T17:56:45.444Z] Running heartbeat...
Heartbeat completed successfully
[2026-05-13T18:01:45.450Z] Running heartbeat...
Heartbeat completed successfully
[2026-05-13T18:06:45.456Z] Running heartbeat...
Heartbeat completed successfully
[2026-05-13T18:11:45.461Z] Running heartbeat...
Heartbeat completed successfully
[2026-05-13T18:16:45.466Z] Running heartbeat...
Heartbeat completed successfully
[2026-05-13T18:21:45.471Z] Running heartbeat...
Heartbeat completed successfully
[2026-05-13T18:26:45.477Z] Running heartbeat...
Heartbeat completed successfully
[2026-05-13T18:31:45.483Z] Running heartbeat...
Heartbeat completed successfully
[2026-05-13T18:36:45.489Z] Running heartbeat...
Heartbeat completed successfully
[2026-05-13T18:41:45.495Z] Running heartbeat...
Heartbeat completed successfully
[2026-05-13T18:46:45.502Z] Running heartbeat...
Heartbeat completed successfully
[2026-05-13T18:51:45.508Z] Running heartbeat...
Heartbeat completed successfully
[2026-05-13T18:56:45.509Z] Running heartbeat...
Heartbeat completed successfully
[2026-05-13T19:01:45.511Z] Running heartbeat...
Heartbeat completed successfully
[2026-05-13T19:06:45.517Z] Running heartbeat...
Heartbeat completed successfully
[2026-05-13T19:11:45.523Z] Running heartbeat...
Heartbeat completed successfully
[2026-05-13T19:16:45.530Z] Running heartbeat...
Heartbeat completed successfully
[2026-05-13T19:21:45.537Z] Running heartbeat...
Heartbeat completed successfully
[2026-05-13T19:26:45.543Z] Running heartbeat...
Heartbeat completed successfully
[2026-05-13T19:31:45.550Z] Running heartbeat...
Heartbeat completed successfully
[2026-05-13T19:36:45.557Z] Running heartbeat...
Heartbeat completed successfully
[2026-05-13T19:41:45.563Z] Running heartbeat...
Heartbeat completed successfully
[2026-05-13T19:46:45.570Z] Running heartbeat...
Heartbeat completed successfully
[2026-05-13T19:51:45.576Z] Running heartbeat...
Heartbeat completed successfully
[2026-05-13T19:56:45.583Z] Running heartbeat...
Heartbeat completed successfully
[2026-05-13T20:01:45.592Z] Running heartbeat...
Heartbeat completed successfully
[2026-05-13T20:06:45.596Z] Running heartbeat...
Heartbeat completed successfully
[2026-05-13T20:11:45.602Z] Running heartbeat...
Heartbeat completed successfully
[2026-05-13T20:16:45.607Z] Running heartbeat...
Heartbeat completed successfully
[2026-05-13T20:21:45.613Z] Running heartbeat...
Heartbeat completed successfully
[2026-05-13T20:26:45.620Z] Running heartbeat...
Heartbeat completed successfully
[2026-05-13T20:31:45.626Z] Running heartbeat...
Heartbeat completed successfully
[2026-05-13T20:36:45.633Z] Running heartbeat...
Heartbeat completed successfully
[2026-05-13T20:41:45.636Z] Running heartbeat...
Heartbeat completed successfully
[2026-05-13T20:46:45.642Z] Running heartbeat...
Heartbeat completed successfully
[2026-05-13T20:51:45.650Z] Running heartbeat...
Heartbeat completed successfully
[2026-05-13T20:56:45.656Z] Running heartbeat...
Heartbeat completed successfully
[2026-05-13T21:01:45.664Z] Running heartbeat...
Heartbeat completed successfully
[2026-05-13T21:06:45.667Z] Running heartbeat...
Heartbeat completed successfully
[2026-05-13T21:11:45.674Z] Running heartbeat...
Heartbeat completed successfully
[2026-05-13T21:16:45.681Z] Running heartbeat...
Heartbeat completed successfully
[2026-05-13T21:21:45.688Z] Running heartbeat...
Heartbeat completed successfully
[2026-05-13T21:26:45.695Z] Running heartbeat...
Heartbeat completed successfully
[2026-05-13T21:31:45.704Z] Running heartbeat...
Heartbeat completed successfully
[2026-05-13T21:36:45.711Z] Running heartbeat...
Heartbeat completed successfully
[2026-05-13T21:41:45.718Z] Running heartbeat...
Heartbeat completed successfully
[2026-05-13T21:46:45.725Z] Running heartbeat...
Heartbeat completed successfully
[2026-05-13T21:51:45.732Z] Running heartbeat...
Heartbeat completed successfully
[2026-05-13T21:56:45.740Z] Running heartbeat...
Heartbeat completed successfully
[2026-05-13T22:01:45.748Z] Running heartbeat...
Heartbeat completed successfully
[2026-05-13T22:06:45.757Z] Running heartbeat...
Heartbeat completed successfully
[2026-05-13T22:11:45.765Z] Running heartbeat...
Heartbeat completed successfully
[2026-05-13T22:16:45.773Z] Running heartbeat...
Heartbeat completed successfully
[2026-05-13T22:21:45.781Z] Running heartbeat...
Heartbeat completed successfully
[2026-05-13T22:26:45.785Z] Running heartbeat...
Heartbeat completed successfully
[2026-05-13T22:31:45.792Z] Running heartbeat...
Heartbeat completed successfully
[2026-05-13T22:36:45.801Z] Running heartbeat...
Heartbeat completed successfully
[2026-05-13T22:41:45.805Z] Running heartbeat...
Heartbeat completed successfully
[2026-05-13T22:46:45.813Z] Running heartbeat...
Heartbeat completed successfully
[2026-05-13T22:51:45.821Z] Running heartbeat...
Heartbeat completed successfully
[2026-05-13T22:56:45.829Z] Running heartbeat...
Heartbeat completed successfully
[2026-05-13T23:01:45.829Z] Running heartbeat...
Heartbeat completed successfully
[2026-05-13T23:06:45.829Z] Running heartbeat...
Heartbeat completed successfully
[2026-05-13T23:11:45.829Z] Running heartbeat...
Heartbeat completed successfully
[2026-05-13T23:16:45.829Z] Running heartbeat...
Heartbeat completed successfully
[2026-05-13T23:21:45.829Z] Running heartbeat...
Heartbeat completed successfully
[2026-05-13T23:26:45.829Z] Running heartbeat...
Heartbeat completed successfully
[2026-05-13T23:31:45.830Z] Running heartbeat...
Heartbeat completed successfully
[2026-05-13T23:36:45.830Z] Running heartbeat...
Heartbeat completed successfully
[2026-05-13T23:41:45.831Z] Running heartbeat...
Heartbeat completed successfully
[2026-05-13T23:46:45.832Z] Running heartbeat...
Heartbeat completed successfully
[2026-05-13T23:51:45.832Z] Running heartbeat...
Heartbeat completed successfully
[2026-05-13T23:56:45.833Z] Running heartbeat...
Heartbeat completed successfully
[2026-05-14T00:01:45.833Z] Running heartbeat...
Heartbeat completed successfully
[2026-05-14T00:06:45.834Z] Running heartbeat...
Heartbeat completed successfully
[2026-05-14T00:11:45.834Z] Running heartbeat...
Heartbeat completed successfully
[2026-05-14T00:16:45.836Z] Running heartbeat...
Heartbeat completed successfully
[2026-05-14T00:21:45.837Z] Running heartbeat...
Heartbeat completed successfully
[2026-05-14T00:26:45.837Z] Running heartbeat...
Heartbeat completed successfully
[2026-05-14T00:31:45.838Z] Running heartbeat...
Heartbeat completed successfully
[2026-05-14T00:36:45.840Z] Running heartbeat...
Heartbeat completed successfully
[2026-05-14T00:41:45.841Z] Running heartbeat...
Heartbeat completed successfully
[2026-05-14T00:46:45.842Z] Running heartbeat...
Heartbeat completed successfully
[2026-05-14T00:51:45.843Z] Running heartbeat...
Heartbeat completed successfully
[2026-05-14T00:56:45.845Z] Running heartbeat...
Heartbeat completed successfully
[2026-05-14T01:01:45.847Z] Running heartbeat...
Heartbeat completed successfully
[2026-05-14T01:06:45.849Z] Running heartbeat...
Heartbeat completed successfully
[2026-05-14T01:11:45.850Z] Running heartbeat...
Heartbeat completed successfully
[2026-05-14T01:16:45.852Z] Running heartbeat...
Heartbeat completed successfully
[2026-05-14T01:21:45.854Z] Running heartbeat...
Heartbeat completed successfully
[2026-05-14T01:26:45.854Z] Running heartbeat...
Heartbeat completed successfully
[2026-05-14T01:31:45.856Z] Running heartbeat...
Heartbeat completed successfully
[2026-05-14T01:36:45.857Z] Running heartbeat...
Heartbeat completed successfully
[2026-05-14T01:41:45.859Z] Running heartbeat...
Heartbeat completed successfully
[2026-05-14T01:46:45.861Z] Running heartbeat...
Heartbeat completed successfully
[2026-05-14T01:51:45.863Z] Running heartbeat...
Heartbeat completed successfully
[2026-05-14T01:56:45.864Z] Running heartbeat...
Heartbeat completed successfully
[2026-05-14T02:01:45.866Z] Running heartbeat...
Heartbeat completed successfully
[2026-05-14T02:06:45.868Z] Running heartbeat...
Heartbeat completed successfully
[2026-05-14T02:11:45.869Z] Running heartbeat...
Heartbeat completed successfully
[2026-05-14T02:16:45.871Z] Running heartbeat...
Heartbeat completed successfully
[2026-05-14T02:21:45.874Z] Running heartbeat...
Heartbeat completed successfully
[2026-05-14T02:26:45.875Z] Running heartbeat...
Heartbeat completed successfully
[2026-05-14T02:31:45.877Z] Running heartbeat...
Heartbeat completed successfully
[2026-05-14T02:36:45.878Z] Running heartbeat...
Heartbeat completed successfully
[2026-05-14T02:41:45.881Z] Running heartbeat...
Heartbeat completed successfully
[2026-05-14T02:46:45.884Z] Running heartbeat...
Heartbeat completed successfully
[2026-05-14T02:51:45.885Z] Running heartbeat...
Heartbeat completed successfully
[2026-05-14T02:56:45.887Z] Running heartbeat...
Heartbeat completed successfully
[2026-05-14T03:01:45.890Z] Running heartbeat...
Heartbeat completed successfully
[2026-05-14T03:06:45.892Z] Running heartbeat...
Heartbeat completed successfully
[2026-05-14T03:11:45.894Z] Running heartbeat...
Heartbeat completed successfully
[2026-05-14T03:16:45.896Z] Running heartbeat...
Heartbeat completed successfully
[2026-05-14T03:21:45.899Z] Running heartbeat...
Heartbeat completed successfully
[2026-05-14T03:26:45.901Z] Running heartbeat...
Heartbeat completed successfully
[2026-05-14T03:31:45.904Z] Running heartbeat...
Heartbeat completed successfully
[2026-05-14T03:36:45.906Z] Running heartbeat...
Heartbeat completed successfully
[2026-05-14T03:41:45.910Z] Running heartbeat...
Heartbeat completed successfully
[2026-05-14T03:46:45.912Z] Running heartbeat...
Heartbeat completed successfully
[2026-05-14T03:51:45.915Z] Running heartbeat...
Heartbeat completed successfully
[2026-05-14T03:56:45.917Z] Running heartbeat...
Heartbeat completed successfully
